<?xml version="1.0" encoding="UTF-8"?>
<!-- Generated by org.testng.reporters.JUnitReportReporter -->
<testsuite skipped="0" hostname="jani" name="com.wordpress.com.wordpress.loginapplication" tests="1" failures="0" timestamp="2020-05-10T01:04:33 PDT" time="1.909" errors="0">
  <testcase name="login" time="1.909" classname="com.wordpress.com.wordpress.loginapplication"/>
  <system-out/>
</testsuite> <!-- com.wordpress.com.wordpress.loginapplication -->
